<?xml version="1.0" encoding="UTF-8"?>
<!-- Generated by org.testng.reporters.JUnitReportReporter -->
<testsuite skipped="0" hostname="DESKTOP-G5OR1MT" name="com.HomeDepot.Test_Scripts.CreateAccountTest" tests="1" failures="0" timestamp="2022-01-25T13:33:36 EST" time="25.578" errors="0">
  <testcase name="createAcct" time="25.578" classname="com.HomeDepot.Test_Scripts.CreateAccountTest"/>
  <system-out/>
</testsuite> <!-- com.HomeDepot.Test_Scripts.CreateAccountTest -->
