<?xml version="1.0" encoding="UTF-8"?>
<!-- Generated by org.testng.reporters.JUnitReportReporter -->
<testsuite skipped="0" hostname="DESKTOP-G5OR1MT" name="com.Amazon.Test_Scripts.HomePageTest" tests="1" failures="0" timestamp="2022-01-24T21:51:41 EST" time="42.880" errors="0">
  <testcase name="searchTest" time="42.880" classname="com.Amazon.Test_Scripts.HomePageTest"/>
  <system-out/>
</testsuite> <!-- com.Amazon.Test_Scripts.HomePageTest -->
